<?xml version="1.0" encoding="UTF-8" standalone="no"?>
<!DOCTYPE log SYSTEM "logger.dtd">
<log>
<record>
  <date>2019-05-06T16:07:34.133-0300</date>
  <logger>LUCIO NATHAN TRIGUEIRO MATIAS</logger>
  <level>FINE</level>
  <message>File 118110788-LUCIO NATHAN TRIGUEIRO MATIAS.zip was received. It was sent by LUCIO NATHAN TRIGUEIRO MATIAS from IP 150.165.42.200 at 06-05-2019 16*07*34</message>
</record>
</log>
<?xml version="1.0" encoding="UTF-8" standalone="no"?>
<!DOCTYPE log SYSTEM "logger.dtd">
<log>
<record>
  <date>2019-05-06T22:21:05.603-0300</date>
  <logger>LUCIO NATHAN TRIGUEIRO MATIAS</logger>
  <level>FINE</level>
  <message>File 118110788-LUCIO NATHAN TRIGUEIRO MATIAS.zip was received. It was sent by LUCIO NATHAN TRIGUEIRO MATIAS from IP 192.168.1.11 at 06-05-2019 22*21*05</message>
</record>
</log>
<?xml version="1.0" encoding="UTF-8" standalone="no"?>
<!DOCTYPE log SYSTEM "logger.dtd">
<log>
<record>
  <date>2019-05-06T23:07:43.238-0300</date>
  <logger>LUCIO NATHAN TRIGUEIRO MATIAS</logger>
  <level>FINE</level>
  <message>File 118110788-LUCIO NATHAN TRIGUEIRO MATIAS.zip was received. It was sent by LUCIO NATHAN TRIGUEIRO MATIAS from IP 192.168.1.11 at 06-05-2019 23*07*43</message>
</record>
