<?xml version="1.0" encoding="UTF-8" standalone="no"?>
<!DOCTYPE log SYSTEM "logger.dtd">
<log>
<record>
  <date>2019-04-29T16:07:39.183-0300</date>
  <logger>LUCIO NATHAN TRIGUEIRO MATIAS</logger>
  <level>FINE</level>
  <message>File 118110788-LUCIO NATHAN TRIGUEIRO MATIAS.zip was received. It was sent by LUCIO NATHAN TRIGUEIRO MATIAS from IP 150.165.42.181</message>
</record>
</log>
<?xml version="1.0" encoding="UTF-8" standalone="no"?>
<!DOCTYPE log SYSTEM "logger.dtd">
<log>
<record>
  <date>2019-04-29T20:29:25.205-0300</date>
  <logger>LUCIO NATHAN TRIGUEIRO MATIAS</logger>
  <level>FINE</level>
  <message>File 118110788-LUCIO NATHAN TRIGUEIRO MATIAS.zip was received. It was sent by LUCIO NATHAN TRIGUEIRO MATIAS from IP 192.168.1.11</message>
</record>
</log>
<?xml version="1.0" encoding="UTF-8" standalone="no"?>
<!DOCTYPE log SYSTEM "logger.dtd">
<log>
<record>
  <date>2019-04-29T22:01:49.047-0300</date>
  <logger>LUCIO NATHAN TRIGUEIRO MATIAS</logger>
  <level>FINE</level>
  <message>File 118110788-LUCIO NATHAN TRIGUEIRO MATIAS.zip was received. It was sent by LUCIO NATHAN TRIGUEIRO MATIAS from IP 192.168.1.11</message>
</record>
