<?xml version="1.0" encoding="UTF-8" standalone="no"?>
<!DOCTYPE log SYSTEM "logger.dtd">
<log>
<record>
  <date>2019-04-22T16:11:13.743-0300</date>
  <logger>LUCIO NATHAN TRIGUEIRO MATIAS</logger>
  <level>FINE</level>
  <message>File 118110788-LUCIO NATHAN TRIGUEIRO MATIAS.zip was received. It was sent by LUCIO NATHAN TRIGUEIRO MATIAS from IP 150.165.42.200</message>
</record>
</log>
<?xml version="1.0" encoding="UTF-8" standalone="no"?>
<!DOCTYPE log SYSTEM "logger.dtd">
<log>
<record>
  <date>2019-04-22T23:43:34.527-0300</date>
  <logger>LUCIO NATHAN TRIGUEIRO MATIAS</logger>
  <level>FINE</level>
  <message>File 118110788-LUCIO NATHAN TRIGUEIRO MATIAS.zip was received. It was sent by LUCIO NATHAN TRIGUEIRO MATIAS from IP 192.168.1.11</message>
</record>
</log>
<?xml version="1.0" encoding="UTF-8" standalone="no"?>
<!DOCTYPE log SYSTEM "logger.dtd">
<log>
<record>
  <date>2019-04-23T23:18:33.247-0300</date>
  <logger>LUCIO NATHAN TRIGUEIRO MATIAS</logger>
  <level>FINE</level>
  <message>File 118110788-LUCIO NATHAN TRIGUEIRO MATIAS.zip was received. It was sent by LUCIO NATHAN TRIGUEIRO MATIAS from IP 192.168.1.11</message>
</record>
