<?xml version="1.0" encoding="UTF-8" standalone="no"?>
<!DOCTYPE log SYSTEM "logger.dtd">
<log>
<record>
  <date>2019-06-06T14:31:05.829-0300</date>
  <logger>LUCIO NATHAN TRIGUEIRO MATIAS</logger>
  <level>FINE</level>
  <message>File 118110788-LUCIO NATHAN TRIGUEIRO MATIAS.zip was received. It was sent by LUCIO NATHAN TRIGUEIRO MATIAS from IP 150.165.42.193 at 06-06-2019 14*31*05</message>
</record>
</log>
<?xml version="1.0" encoding="UTF-8" standalone="no"?>
<!DOCTYPE log SYSTEM "logger.dtd">
<log>
<record>
  <date>2019-06-06T15:52:26.485-0300</date>
  <logger>LUCIO NATHAN TRIGUEIRO MATIAS</logger>
  <level>FINE</level>
  <message>File 118110788-LUCIO NATHAN TRIGUEIRO MATIAS.zip was received. It was sent by LUCIO NATHAN TRIGUEIRO MATIAS from IP 150.165.42.193 at 06-06-2019 15*52*26</message>
</record>
</log>
<?xml version="1.0" encoding="UTF-8" standalone="no"?>
<!DOCTYPE log SYSTEM "logger.dtd">
<log>
<record>
  <date>2019-06-06T20:01:48.493-0300</date>
  <logger>LUCIO NATHAN TRIGUEIRO MATIAS</logger>
  <level>FINE</level>
  <message>File 118110788-LUCIO NATHAN TRIGUEIRO MATIAS.zip was received. It was sent by LUCIO NATHAN TRIGUEIRO MATIAS from IP 192.168.1.11 at 06-06-2019 20*01*48</message>
</record>
</log>
<?xml version="1.0" encoding="UTF-8" standalone="no"?>
<!DOCTYPE log SYSTEM "logger.dtd">
<log>
<record>
  <date>2019-06-06T20:04:19.884-0300</date>
  <logger>LUCIO NATHAN TRIGUEIRO MATIAS</logger>
  <level>FINE</level>
  <message>File 118110788-LUCIO NATHAN TRIGUEIRO MATIAS.zip was received. It was sent by LUCIO NATHAN TRIGUEIRO MATIAS from IP 192.168.1.11 at 06-06-2019 20*04*19</message>
</record>
