<?xml version="1.0" encoding="UTF-8" standalone="no"?>
<!DOCTYPE log SYSTEM "logger.dtd">
<log>
<record>
  <date>2019-05-02T14:14:43.326-0300</date>
  <logger>LUCIO NATHAN TRIGUEIRO MATIAS</logger>
  <level>FINE</level>
  <message>File 118110788-LUCIO NATHAN TRIGUEIRO MATIAS.zip was received. It was sent by LUCIO NATHAN TRIGUEIRO MATIAS from IP 150.165.42.199 at 02-05-2019 14*14*43</message>
</record>
</log>
<?xml version="1.0" encoding="UTF-8" standalone="no"?>
<!DOCTYPE log SYSTEM "logger.dtd">
<log>
<record>
  <date>2019-05-02T15:15:34.877-0300</date>
  <logger>LUCIO NATHAN TRIGUEIRO MATIAS</logger>
  <level>FINE</level>
  <message>File 118110788-LUCIO NATHAN TRIGUEIRO MATIAS.zip was received. It was sent by LUCIO NATHAN TRIGUEIRO MATIAS from IP 150.165.42.199 at 02-05-2019 15*15*34</message>
</record>
</log>
<?xml version="1.0" encoding="UTF-8" standalone="no"?>
<!DOCTYPE log SYSTEM "logger.dtd">
<log>
<record>
  <date>2019-05-02T19:30:37.153-0300</date>
  <logger>LUCIO NATHAN TRIGUEIRO MATIAS</logger>
  <level>FINE</level>
  <message>File 118110788-LUCIO NATHAN TRIGUEIRO MATIAS.zip was received. It was sent by LUCIO NATHAN TRIGUEIRO MATIAS from IP 192.168.1.11 at 02-05-2019 19*30*37</message>
</record>
